[customer-core] 2022-08-14 09:19:22.091 DEBUG 176555 --- [nio-8110-exec-7] o.s.w.f.CommonsRequestLoggingFilter      : After request [GET /actuator/info, headers=[accept-encoding:"gzip", user-agent:"ReactorNetty/0.9.12.RELEASE", host:"Amrita:8110", accept:"application/vnd.spring-boot.actuator.v2+json, application/vnd.spring-boot.actuator.v1+json, application/json"]]
[customer-core] 2022-08-14 09:19:42.055 DEBUG 176555 --- [nio-8110-exec-8] o.s.w.f.CommonsRequestLoggingFilter      : Before request [GET /actuator/health, headers=[accept-encoding:"gzip", user-agent:"ReactorNetty/0.9.12.RELEASE", host:"Amrita:8110", accept:"application/vnd.spring-boot.actuator.v2+json, application/vnd.spring-boot.actuator.v1+json, application/json"]]
[customer-core] 2022-08-14 09:19:42.059 DEBUG 176555 --- [nio-8110-exec-8] o.s.w.f.CommonsRequestLoggingFilter      : After request [GET /actuator/health, headers=[accept-encoding:"gzip", user-agent:"ReactorNetty/0.9.12.RELEASE", host:"Amrita:8110", accept:"application/vnd.spring-boot.actuator.v2+json, application/vnd.spring-boot.actuator.v1+json, application/json"]]
[policy-management-backend] 2022-08-14 09:19:46.162 [org.springframework.kafka.KafkaListenerEndpointContainer#1-0-C-1] INFO  c.l.p.i.InsuranceQuoteRequestMessageConsumer - A new InsuranceQuoteRequestEvent has been received. 
[policy-management-backend] 2022-08-14 09:19:46.368 [org.springframework.kafka.KafkaListenerEndpointContainer#1-0-C-1] INFO  c.l.p.i.InsuranceQuoteRequestMessageConsumer - A new InsuranceQuoteRequestEvent has been received. 
[policy-management-backend] 2022-08-14 09:19:46.748 [org.springframework.kafka.KafkaListenerEndpointContainer#1-0-C-1] INFO  c.l.p.i.InsuranceQuoteRequestMessageConsumer - A new InsuranceQuoteRequestEvent has been received. 
[policy-management-backend] 2022-08-14 09:19:46.959 [org.springframework.kafka.KafkaListenerEndpointContainer#1-0-C-1] INFO  c.l.p.i.InsuranceQuoteRequestMessageConsumer - A new InsuranceQuoteRequestEvent has been received. 
[policy-management-backend] 2022-08-14 09:19:47.193 [org.springframework.kafka.KafkaListenerEndpointContainer#1-0-C-1] INFO  c.l.p.i.InsuranceQuoteRequestMessageConsumer - A new InsuranceQuoteRequestEvent has been received. 
[policy-management-backend] 2022-08-14 09:19:47.583 [org.springframework.kafka.KafkaListenerEndpointContainer#1-0-C-1] INFO  c.l.p.i.InsuranceQuoteRequestMessageConsumer - A new InsuranceQuoteRequestEvent has been received. 
[policy-management-backend] 2022-08-14 09:19:47.589 [org.springframework.kafka.KafkaListenerEndpointContainer#1-0-C-1] INFO  c.l.p.i.InsuranceQuoteRequestMessageConsumer - Processing duplicate insurance quote request with id 95 
[policy-management-backend] 2022-08-14 09:19:47.754 [org.springframework.kafka.KafkaListenerEndpointContainer#1-0-C-1] INFO  c.l.p.i.InsuranceQuoteRequestMessageConsumer - A new InsuranceQuoteRequestEvent has been received. 
[policy-management-backend] 2022-08-14 09:19:47.933 [org.springframework.kafka.KafkaListenerEndpointContainer#1-0-C-1] INFO  c.l.p.i.InsuranceQuoteRequestMessageConsumer - A new InsuranceQuoteRequestEvent has been received. 
[policy-management-backend] 2022-08-14 09:19:48.102 [org.springframework.kafka.KafkaListenerEndpointContainer#1-0-C-1] INFO  c.l.p.i.InsuranceQuoteRequestMessageConsumer - A new InsuranceQuoteRequestEvent has been received. 
[policy-management-backend] 2022-08-14 09:19:48.516 [org.springframework.kafka.KafkaListenerEndpointContainer#1-0-C-1] INFO  c.l.p.i.InsuranceQuoteRequestMessageConsumer - A new InsuranceQuoteRequestEvent has been received. 
[policy-management-backend] 2022-08-14 09:19:48.826 [org.springframework.kafka.KafkaListenerEndpointContainer#1-0-C-1] INFO  c.l.p.i.InsuranceQuoteRequestMessageConsumer - A new InsuranceQuoteRequestEvent has been received. 
[policy-management-backend] 2022-08-14 09:19:48.994 [org.springframework.kafka.KafkaListenerEndpointContainer#1-0-C-1] INFO  c.l.p.i.InsuranceQuoteRequestMessageConsumer - A new InsuranceQuoteRequestEvent has been received. 
[policy-management-backend] 2022-08-14 09:19:49.161 [org.springframework.kafka.KafkaListenerEndpointContainer#1-0-C-1] INFO  c.l.p.i.InsuranceQuoteRequestMessageConsumer - A new InsuranceQuoteRequestEvent has been received. 
[policy-management-backend] 2022-08-14 09:19:49.165 [org.springframework.kafka.KafkaListenerEndpointContainer#1-0-C-1] INFO  c.l.p.i.InsuranceQuoteRequestMessageConsumer - Processing duplicate insurance quote request with id 95 
[policy-management-backend] 2022-08-14 09:19:49.338 [org.springframework.kafka.KafkaListenerEndpointContainer#1-0-C-1] INFO  c.l.p.i.InsuranceQuoteRequestMessageConsumer - A new InsuranceQuoteRequestEvent has been received. 
[policy-management-backend] 2022-08-14 09:19:49.512 [org.springframework.kafka.KafkaListenerEndpointContainer#1-0-C-1] INFO  c.l.p.i.InsuranceQuoteRequestMessageConsumer - A new InsuranceQuoteRequestEvent has been received. 
[policy-management-backend] 2022-08-14 09:19:49.690 [org.springframework.kafka.KafkaListenerEndpointContainer#1-0-C-1] INFO  c.l.p.i.InsuranceQuoteRequestMessageConsumer - A new InsuranceQuoteRequestEvent has been received. 
[policy-management-backend] 2022-08-14 09:19:49.853 [org.springframework.kafka.KafkaListenerEndpointContainer#1-0-C-1] INFO  c.l.p.i.InsuranceQuoteRequestMessageConsumer - A new InsuranceQuoteRequestEvent has been received. 
[policy-management-backend] 2022-08-14 09:19:50.019 [org.springframework.kafka.KafkaListenerEndpointContainer#1-0-C-1] INFO  c.l.p.i.InsuranceQuoteRequestMessageConsumer - A new InsuranceQuoteRequestEvent has been received. 
[policy-management-backend] 2022-08-14 09:19:50.187 [org.springframework.kafka.KafkaListenerEndpointContainer#1-0-C-1] INFO  c.l.p.i.InsuranceQuoteRequestMessageConsumer - A new InsuranceQuoteRequestEvent has been received. 
[policy-management-backend] 2022-08-14 09:19:50.191 [org.springframework.kafka.KafkaListenerEndpointContainer#1-0-C-1] INFO  c.l.p.i.InsuranceQuoteRequestMessageConsumer - Processing duplicate insurance quote request with id 59 
[policy-management-backend] 2022-08-14 09:19:50.359 [org.springframework.kafka.KafkaListenerEndpointContainer#1-0-C-1] INFO  c.l.p.i.InsuranceQuoteRequestMessageConsumer - A new InsuranceQuoteRequestEvent has been received. 
[policy-management-backend] 2022-08-14 09:19:50.362 [org.springframework.kafka.KafkaListenerEndpointContainer#1-0-C-1] INFO  c.l.p.i.InsuranceQuoteRequestMessageConsumer - Processing duplicate insurance quote request with id 62 
[policy-management-backend] 2022-08-14 09:19:50.546 [org.springframework.kafka.KafkaListenerEndpointContainer#1-0-C-1] INFO  c.l.p.i.InsuranceQuoteRequestMessageConsumer - A new InsuranceQuoteRequestEvent has been received. 
[policy-management-backend] 2022-08-14 09:19:50.719 [org.springframework.kafka.KafkaListenerEndpointContainer#1-0-C-1] INFO  c.l.p.i.InsuranceQuoteRequestMessageConsumer - A new InsuranceQuoteRequestEvent has been received. 
[policy-management-backend] 2022-08-14 09:19:50.886 [org.springframework.kafka.KafkaListenerEndpointContainer#1-0-C-1] INFO  c.l.p.i.InsuranceQuoteRequestMessageConsumer - A new InsuranceQuoteRequestEvent has been received. 
[policy-management-backend] 2022-08-14 09:19:50.890 [org.springframework.kafka.KafkaListenerEndpointContainer#1-0-C-1] INFO  c.l.p.i.InsuranceQuoteRequestMessageConsumer - Processing duplicate insurance quote request with id 39 
[policy-management-backend] 2022-08-14 09:19:51.053 [org.springframework.kafka.KafkaListenerEndpointContainer#1-0-C-1] INFO  c.l.p.i.InsuranceQuoteRequestMessageConsumer - A new InsuranceQuoteRequestEvent has been received. 
[policy-management-backend] 2022-08-14 09:19:51.227 [org.springframework.kafka.KafkaListenerEndpointContainer#1-0-C-1] INFO  c.l.p.i.InsuranceQuoteRequestMessageConsumer - A new InsuranceQuoteRequestEvent has been received. 
[policy-management-backend] 2022-08-14 09:19:51.230 [org.springframework.kafka.KafkaListenerEndpointContainer#1-0-C-1] INFO  c.l.p.i.InsuranceQuoteRequestMessageConsumer - Processing duplicate insurance quote request with id 3 
[policy-management-backend] 2022-08-14 09:19:51.400 [org.springframework.kafka.KafkaListenerEndpointContainer#1-0-C-1] INFO  c.l.p.i.InsuranceQuoteRequestMessageConsumer - A new InsuranceQuoteRequestEvent has been received. 
[policy-management-backend] 2022-08-14 09:19:51.568 [org.springframework.kafka.KafkaListenerEndpointContainer#1-0-C-1] INFO  c.l.p.i.InsuranceQuoteRequestMessageConsumer - A new InsuranceQuoteRequestEvent has been received. 
[policy-management-backend] 2022-08-14 09:19:51.740 [org.springframework.kafka.KafkaListenerEndpointContainer#1-0-C-1] INFO  c.l.p.i.InsuranceQuoteRequestMessageConsumer - A new InsuranceQuoteRequestEvent has been received. 
[policy-management-backend] 2022-08-14 09:19:51.917 [org.springframework.kafka.KafkaListenerEndpointContainer#1-0-C-1] INFO  c.l.p.i.InsuranceQuoteRequestMessageConsumer - A new InsuranceQuoteRequestEvent has been received. 
[policy-management-backend] 2022-08-14 09:19:52.087 [org.springframework.kafka.KafkaListenerEndpointContainer#1-0-C-1] INFO  c.l.p.i.InsuranceQuoteRequestMessageConsumer - A new InsuranceQuoteRequestEvent has been received. 
[policy-management-backend] 2022-08-14 09:19:52.257 [org.springframework.kafka.KafkaListenerEndpointContainer#1-0-C-1] INFO  c.l.p.i.InsuranceQuoteRequestMessageConsumer - A new InsuranceQuoteRequestEvent has been received. 
[policy-management-backend] 2022-08-14 09:19:52.425 [org.springframework.kafka.KafkaListenerEndpointContainer#1-0-C-1] INFO  c.l.p.i.InsuranceQuoteRequestMessageConsumer - A new InsuranceQuoteRequestEvent has been received. 
[policy-management-backend] 2022-08-14 09:19:52.428 [org.springframework.kafka.KafkaListenerEndpointContainer#1-0-C-1] INFO  c.l.p.i.InsuranceQuoteRequestMessageConsumer - Processing duplicate insurance quote request with id 59 
[policy-management-backend] 2022-08-14 09:19:52.591 [org.springframework.kafka.KafkaListenerEndpointContainer#1-0-C-1] INFO  c.l.p.i.InsuranceQuoteRequestMessageConsumer - A new InsuranceQuoteRequestEvent has been received. 
[policy-management-backend] 2022-08-14 09:19:52.759 [org.springframework.kafka.KafkaListenerEndpointContainer#1-0-C-1] INFO  c.l.p.i.InsuranceQuoteRequestMessageConsumer - A new InsuranceQuoteRequestEvent has been received. 
[policy-management-backend] 2022-08-14 09:19:52.762 [org.springframework.kafka.KafkaListenerEndpointContainer#1-0-C-1] INFO  c.l.p.i.InsuranceQuoteRequestMessageConsumer - Processing duplicate insurance quote request with id 29 
[policy-management-backend] 2022-08-14 09:19:52.926 [org.springframework.kafka.KafkaListenerEndpointContainer#1-0-C-1] INFO  c.l.p.i.InsuranceQuoteRequestMessageConsumer - A new InsuranceQuoteRequestEvent has been received. 
[policy-management-backend] 2022-08-14 09:19:52.929 [org.springframework.kafka.KafkaListenerEndpointContainer#1-0-C-1] INFO  c.l.p.i.InsuranceQuoteRequestMessageConsumer - Processing duplicate insurance quote request with id 30 
[policy-management-backend] 2022-08-14 09:19:53.104 [org.springframework.kafka.KafkaListenerEndpointContainer#1-0-C-1] INFO  c.l.p.i.InsuranceQuoteRequestMessageConsumer - A new InsuranceQuoteRequestEvent has been received. 
[policy-management-backend] 2022-08-14 09:19:53.107 [org.springframework.kafka.KafkaListenerEndpointContainer#1-0-C-1] INFO  c.l.p.i.InsuranceQuoteRequestMessageConsumer - Processing duplicate insurance quote request with id 77 
[policy-management-backend] 2022-08-14 09:19:53.271 [org.springframework.kafka.KafkaListenerEndpointContainer#1-0-C-1] INFO  c.l.p.i.InsuranceQuoteRequestMessageConsumer - A new InsuranceQuoteRequestEvent has been received. 
[policy-management-backend] 2022-08-14 09:19:53.274 [org.springframework.kafka.KafkaListenerEndpointContainer#1-0-C-1] INFO  c.l.p.i.InsuranceQuoteRequestMessageConsumer - Processing duplicate insurance quote request with id 41 
[policy-management-backend] 2022-08-14 09:19:53.442 [org.springframework.kafka.KafkaListenerEndpointContainer#1-0-C-1] INFO  c.l.p.i.InsuranceQuoteRequestMessageConsumer - A new InsuranceQuoteRequestEvent has been received. 
[policy-management-backend] 2022-08-14 09:19:53.444 [org.springframework.kafka.KafkaListenerEndpointContainer#1-0-C-1] INFO  c.l.p.i.InsuranceQuoteRequestMessageConsumer - Processing duplicate insurance quote request with id 88 
[policy-management-backend] 2022-08-14 09:19:53.616 [org.springframework.kafka.KafkaListenerEndpointContainer#1-0-C-1] INFO  c.l.p.i.InsuranceQuoteRequestMessageConsumer - A new InsuranceQuoteRequestEvent has been received. 
[policy-management-backend] 2022-08-14 09:19:53.783 [org.springframework.kafka.KafkaListenerEndpointContainer#1-0-C-1] INFO  c.l.p.i.InsuranceQuoteRequestMessageConsumer - A new InsuranceQuoteRequestEvent has been received. 
[policy-management-backend] 2022-08-14 09:19:54.008 [org.springframework.kafka.KafkaListenerEndpointContainer#1-0-C-1] INFO  c.l.p.i.InsuranceQuoteRequestMessageConsumer - A new InsuranceQuoteRequestEvent has been received. 
[policy-management-backend] 2022-08-14 09:19:54.175 [org.springframework.kafka.KafkaListenerEndpointContainer#1-0-C-1] INFO  c.l.p.i.InsuranceQuoteRequestMessageConsumer - A new InsuranceQuoteRequestEvent has been received. 
[policy-management-backend] 2022-08-14 09:19:54.344 [org.springframework.kafka.KafkaListenerEndpointContainer#1-0-C-1] INFO  c.l.p.i.InsuranceQuoteRequestMessageConsumer - A new InsuranceQuoteRequestEvent has been received. 
[policy-management-backend] 2022-08-14 09:19:54.511 [org.springframework.kafka.KafkaListenerEndpointContainer#1-0-C-1] INFO  c.l.p.i.InsuranceQuoteRequestMessageConsumer - A new InsuranceQuoteRequestEvent has been received. 
[policy-management-backend] 2022-08-14 09:19:54.679 [org.springframework.kafka.KafkaListenerEndpointContainer#1-0-C-1] INFO  c.l.p.i.InsuranceQuoteRequestMessageConsumer - A new InsuranceQuoteRequestEvent has been received. 
[policy-management-backend] 2022-08-14 09:19:54.682 [org.springframework.kafka.KafkaListenerEndpointContainer#1-0-C-1] INFO  c.l.p.i.InsuranceQuoteRequestMessageConsumer - Processing duplicate insurance quote request with id 73 
[policy-management-backend] 2022-08-14 09:19:54.848 [org.springframework.kafka.KafkaListenerEndpointContainer#1-0-C-1] INFO  c.l.p.i.InsuranceQuoteRequestMessageConsumer - A new InsuranceQuoteRequestEvent has been received. 
[policy-management-backend] 2022-08-14 09:19:54.850 [org.springframework.kafka.KafkaListenerEndpointContainer#1-0-C-1] INFO  c.l.p.i.InsuranceQuoteRequestMessageConsumer - Processing duplicate insurance quote request with id 24 
[policy-management-backend] 2022-08-14 09:19:55.018 [org.springframework.kafka.KafkaListenerEndpointContainer#1-0-C-1] INFO  c.l.p.i.InsuranceQuoteRequestMessageConsumer - A new InsuranceQuoteRequestEvent has been received. 
[policy-management-backend] 2022-08-14 09:19:55.186 [org.springframework.kafka.KafkaListenerEndpointContainer#1-0-C-1] INFO  c.l.p.i.InsuranceQuoteRequestMessageConsumer - A new InsuranceQuoteRequestEvent has been received. 
[policy-management-backend] 2022-08-14 09:19:55.354 [org.springframework.kafka.KafkaListenerEndpointContainer#1-0-C-1] INFO  c.l.p.i.InsuranceQuoteRequestMessageConsumer - A new InsuranceQuoteRequestEvent has been received. 
[policy-management-backend] 2022-08-14 09:19:55.356 [org.springframework.kafka.KafkaListenerEndpointContainer#1-0-C-1] INFO  c.l.p.i.InsuranceQuoteRequestMessageConsumer - Processing duplicate insurance quote request with id 62 
[policy-management-backend] 2022-08-14 09:19:55.524 [org.springframework.kafka.KafkaListenerEndpointContainer#1-0-C-1] INFO  c.l.p.i.InsuranceQuoteRequestMessageConsumer - A new InsuranceQuoteRequestEvent has been received. 
[policy-management-backend] 2022-08-14 09:19:55.697 [org.springframework.kafka.KafkaListenerEndpointContainer#1-0-C-1] INFO  c.l.p.i.InsuranceQuoteRequestMessageConsumer - A new InsuranceQuoteRequestEvent has been received. 
[policy-management-backend] 2022-08-14 09:19:55.700 [org.springframework.kafka.KafkaListenerEndpointContainer#1-0-C-1] INFO  c.l.p.i.InsuranceQuoteRequestMessageConsumer - Processing duplicate insurance quote request with id 3 
[policy-management-backend] 2022-08-14 09:19:55.867 [org.springframework.kafka.KafkaListenerEndpointContainer#1-0-C-1] INFO  c.l.p.i.InsuranceQuoteRequestMessageConsumer - A new InsuranceQuoteRequestEvent has been received. 
[policy-management-backend] 2022-08-14 09:19:55.869 [org.springframework.kafka.KafkaListenerEndpointContainer#1-0-C-1] INFO  c.l.p.i.InsuranceQuoteRequestMessageConsumer - Processing duplicate insurance quote request with id 54 
[policy-management-backend] 2022-08-14 09:19:56.041 [org.springframework.kafka.KafkaListenerEndpointContainer#1-0-C-1] INFO  c.l.p.i.InsuranceQuoteRequestMessageConsumer - A new InsuranceQuoteRequestEvent has been received. 
[policy-management-backend] 2022-08-14 09:19:56.212 [org.springframework.kafka.KafkaListenerEndpointContainer#1-0-C-1] INFO  c.l.p.i.InsuranceQuoteRequestMessageConsumer - A new InsuranceQuoteRequestEvent has been received. 
[policy-management-backend] 2022-08-14 09:19:56.382 [org.springframework.kafka.KafkaListenerEndpointContainer#1-0-C-1] INFO  c.l.p.i.InsuranceQuoteRequestMessageConsumer - A new InsuranceQuoteRequestEvent has been received. 
[policy-management-backend] 2022-08-14 09:19:56.550 [org.springframework.kafka.KafkaListenerEndpointContainer#1-0-C-1] INFO  c.l.p.i.InsuranceQuoteRequestMessageConsumer - A new InsuranceQuoteRequestEvent has been received. 
[policy-management-backend] 2022-08-14 09:19:56.718 [org.springframework.kafka.KafkaListenerEndpointContainer#1-0-C-1] INFO  c.l.p.i.InsuranceQuoteRequestMessageConsumer - A new InsuranceQuoteRequestEvent has been received. 
[policy-management-backend] 2022-08-14 09:19:56.885 [org.springframework.kafka.KafkaListenerEndpointContainer#1-0-C-1] INFO  c.l.p.i.InsuranceQuoteRequestMessageConsumer - A new InsuranceQuoteRequestEvent has been received. 
[policy-management-backend] 2022-08-14 09:19:56.889 [org.springframework.kafka.KafkaListenerEndpointContainer#1-0-C-1] INFO  c.l.p.i.InsuranceQuoteRequestMessageConsumer - Processing duplicate insurance quote request with id 42 
[policy-management-backend] 2022-08-14 09:19:57.057 [org.springframework.kafka.KafkaListenerEndpointContainer#1-0-C-1] INFO  c.l.p.i.InsuranceQuoteRequestMessageConsumer - A new InsuranceQuoteRequestEvent has been received. 
[policy-management-backend] 2022-08-14 09:19:57.225 [org.springframework.kafka.KafkaListenerEndpointContainer#1-0-C-1] INFO  c.l.p.i.InsuranceQuoteRequestMessageConsumer - A new InsuranceQuoteRequestEvent has been received. 
[policy-management-backend] 2022-08-14 09:19:57.227 [org.springframework.kafka.KafkaListenerEndpointContainer#1-0-C-1] INFO  c.l.p.i.InsuranceQuoteRequestMessageConsumer - Processing duplicate insurance quote request with id 54 
[policy-management-backend] 2022-08-14 09:19:57.392 [org.springframework.kafka.KafkaListenerEndpointContainer#1-0-C-1] INFO  c.l.p.i.InsuranceQuoteRequestMessageConsumer - A new InsuranceQuoteRequestEvent has been received. 
[policy-management-backend] 2022-08-14 09:19:57.558 [org.springframework.kafka.KafkaListenerEndpointContainer#1-0-C-1] INFO  c.l.p.i.InsuranceQuoteRequestMessageConsumer - A new InsuranceQuoteRequestEvent has been received. 
[policy-management-backend] 2022-08-14 09:19:57.728 [org.springframework.kafka.KafkaListenerEndpointContainer#1-0-C-1] INFO  c.l.p.i.InsuranceQuoteRequestMessageConsumer - A new InsuranceQuoteRequestEvent has been received. 
[policy-management-backend] 2022-08-14 09:19:57.899 [org.springframework.kafka.KafkaListenerEndpointContainer#1-0-C-1] INFO  c.l.p.i.InsuranceQuoteRequestMessageConsumer - A new InsuranceQuoteRequestEvent has been received. 
[policy-management-backend] 2022-08-14 09:19:57.901 [org.springframework.kafka.KafkaListenerEndpointContainer#1-0-C-1] INFO  c.l.p.i.InsuranceQuoteRequestMessageConsumer - Processing duplicate insurance quote request with id 59 
[policy-management-backend] 2022-08-14 09:19:58.067 [org.springframework.kafka.KafkaListenerEndpointContainer#1-0-C-1] INFO  c.l.p.i.InsuranceQuoteRequestMessageConsumer - A new InsuranceQuoteRequestEvent has been received. 
[policy-management-backend] 2022-08-14 09:19:58.240 [org.springframework.kafka.KafkaListenerEndpointContainer#1-0-C-1] INFO  c.l.p.i.InsuranceQuoteRequestMessageConsumer - A new InsuranceQuoteRequestEvent has been received. 
[policy-management-backend] 2022-08-14 09:19:58.410 [org.springframework.kafka.KafkaListenerEndpointContainer#1-0-C-1] INFO  c.l.p.i.InsuranceQuoteRequestMessageConsumer - A new InsuranceQuoteRequestEvent has been received. 
[policy-management-backend] 2022-08-14 09:19:58.415 [org.springframework.kafka.KafkaListenerEndpointContainer#1-0-C-1] INFO  c.l.p.i.InsuranceQuoteRequestMessageConsumer - Processing duplicate insurance quote request with id 25 
[policy-management-backend] 2022-08-14 09:19:58.575 [org.springframework.kafka.KafkaListenerEndpointContainer#1-0-C-1] INFO  c.l.p.i.InsuranceQuoteRequestMessageConsumer - A new InsuranceQuoteRequestEvent has been received. 
[policy-management-backend] 2022-08-14 09:19:58.577 [org.springframework.kafka.KafkaListenerEndpointContainer#1-0-C-1] INFO  c.l.p.i.InsuranceQuoteRequestMessageConsumer - Processing duplicate insurance quote request with id 96 
[policy-management-backend] 2022-08-14 09:19:58.749 [org.springframework.kafka.KafkaListenerEndpointContainer#1-0-C-1] INFO  c.l.p.i.InsuranceQuoteRequestMessageConsumer - A new InsuranceQuoteRequestEvent has been received. 
[policy-management-backend] 2022-08-14 09:19:58.920 [org.springframework.kafka.KafkaListenerEndpointContainer#1-0-C-1] INFO  c.l.p.i.InsuranceQuoteRequestMessageConsumer - A new InsuranceQuoteRequestEvent has been received. 
[policy-management-backend] 2022-08-14 09:19:58.922 [org.springframework.kafka.KafkaListenerEndpointContainer#1-0-C-1] INFO  c.l.p.i.InsuranceQuoteRequestMessageConsumer - Processing duplicate insurance quote request with id 81 
[policy-management-backend] 2022-08-14 09:19:59.092 [org.springframework.kafka.KafkaListenerEndpointContainer#1-0-C-1] INFO  c.l.p.i.InsuranceQuoteRequestMessageConsumer - A new InsuranceQuoteRequestEvent has been received. 
[policy-management-backend] 2022-08-14 09:19:59.095 [org.springframework.kafka.KafkaListenerEndpointContainer#1-0-C-1] INFO  c.l.p.i.InsuranceQuoteRequestMessageConsumer - Processing duplicate insurance quote request with id 63 
[policy-management-backend] 2022-08-14 09:19:59.261 [org.springframework.kafka.KafkaListenerEndpointContainer#1-0-C-1] INFO  c.l.p.i.InsuranceQuoteRequestMessageConsumer - A new InsuranceQuoteRequestEvent has been received. 
[policy-management-backend] 2022-08-14 09:19:59.263 [org.springframework.kafka.KafkaListenerEndpointContainer#1-0-C-1] INFO  c.l.p.i.InsuranceQuoteRequestMessageConsumer - Processing duplicate insurance quote request with id 73 
[policy-management-backend] 2022-08-14 09:19:59.436 [org.springframework.kafka.KafkaListenerEndpointContainer#1-0-C-1] INFO  c.l.p.i.InsuranceQuoteRequestMessageConsumer - A new InsuranceQuoteRequestEvent has been received. 
[policy-management-backend] 2022-08-14 09:19:59.438 [org.springframework.kafka.KafkaListenerEndpointContainer#1-0-C-1] INFO  c.l.p.i.InsuranceQuoteRequestMessageConsumer - Processing duplicate insurance quote request with id 54 
[policy-management-backend] 2022-08-14 09:19:59.602 [org.springframework.kafka.KafkaListenerEndpointContainer#1-0-C-1] INFO  c.l.p.i.InsuranceQuoteRequestMessageConsumer - A new InsuranceQuoteRequestEvent has been received. 
[policy-management-backend] 2022-08-14 09:19:59.603 [org.springframework.kafka.KafkaListenerEndpointContainer#1-0-C-1] INFO  c.l.p.i.InsuranceQuoteRequestMessageConsumer - Processing duplicate insurance quote request with id 96 
[policy-management-backend] 2022-08-14 09:19:59.769 [org.springframework.kafka.KafkaListenerEndpointContainer#1-0-C-1] INFO  c.l.p.i.InsuranceQuoteRequestMessageConsumer - A new InsuranceQuoteRequestEvent has been received. 
[policy-management-backend] 2022-08-14 09:19:59.771 [org.springframework.kafka.KafkaListenerEndpointContainer#1-0-C-1] INFO  c.l.p.i.InsuranceQuoteRequestMessageConsumer - Processing duplicate insurance quote request with id 14 
[policy-management-backend] 2022-08-14 09:19:59.943 [org.springframework.kafka.KafkaListenerEndpointContainer#1-0-C-1] INFO  c.l.p.i.InsuranceQuoteRequestMessageConsumer - A new InsuranceQuoteRequestEvent has been received. 
[policy-management-backend] 2022-08-14 09:19:59.944 [org.springframework.kafka.KafkaListenerEndpointContainer#1-0-C-1] INFO  c.l.p.i.InsuranceQuoteRequestMessageConsumer - Processing duplicate insurance quote request with id 32 
[policy-management-backend] 2022-08-14 09:20:00.113 [org.springframework.kafka.KafkaListenerEndpointContainer#1-0-C-1] INFO  c.l.p.i.InsuranceQuoteRequestMessageConsumer - A new InsuranceQuoteRequestEvent has been received. 
[policy-management-backend] 2022-08-14 09:20:00.115 [org.springframework.kafka.KafkaListenerEndpointContainer#1-0-C-1] INFO  c.l.p.i.InsuranceQuoteRequestMessageConsumer - Processing duplicate insurance quote request with id 89 
[policy-management-backend] 2022-08-14 09:20:00.288 [org.springframework.kafka.KafkaListenerEndpointContainer#1-0-C-1] INFO  c.l.p.i.InsuranceQuoteRequestMessageConsumer - A new InsuranceQuoteRequestEvent has been received. 
[policy-management-backend] 2022-08-14 09:20:00.454 [org.springframework.kafka.KafkaListenerEndpointContainer#1-0-C-1] INFO  c.l.p.i.InsuranceQuoteRequestMessageConsumer - A new InsuranceQuoteRequestEvent has been received. 
[policy-management-backend] 2022-08-14 09:20:00.626 [org.springframework.kafka.KafkaListenerEndpointContainer#1-0-C-1] INFO  c.l.p.i.InsuranceQuoteRequestMessageConsumer - A new InsuranceQuoteRequestEvent has been received. 
[policy-management-backend] 2022-08-14 09:20:00.797 [org.springframework.kafka.KafkaListenerEndpointContainer#1-0-C-1] INFO  c.l.p.i.InsuranceQuoteRequestMessageConsumer - A new InsuranceQuoteRequestEvent has been received. 
[policy-management-backend] 2022-08-14 09:20:00.964 [org.springframework.kafka.KafkaListenerEndpointContainer#1-0-C-1] INFO  c.l.p.i.InsuranceQuoteRequestMessageConsumer - A new InsuranceQuoteRequestEvent has been received. 
[policy-management-backend] 2022-08-14 09:20:01.132 [org.springframework.kafka.KafkaListenerEndpointContainer#1-0-C-1] INFO  c.l.p.i.InsuranceQuoteRequestMessageConsumer - A new InsuranceQuoteRequestEvent has been received. 
[policy-management-backend] 2022-08-14 09:20:01.134 [org.springframework.kafka.KafkaListenerEndpointContainer#1-0-C-1] INFO  c.l.p.i.InsuranceQuoteRequestMessageConsumer - Processing duplicate insurance quote request with id 40 
[policy-management-backend] 2022-08-14 09:20:01.302 [org.springframework.kafka.KafkaListenerEndpointContainer#1-0-C-1] INFO  c.l.p.i.InsuranceQuoteRequestMessageConsumer - A new InsuranceQuoteRequestEvent has been received. 
[policy-management-backend] 2022-08-14 09:20:01.304 [org.springframework.kafka.KafkaListenerEndpointContainer#1-0-C-1] INFO  c.l.p.i.InsuranceQuoteRequestMessageConsumer - Processing duplicate insurance quote request with id 25 
[policy-management-backend] 2022-08-14 09:20:01.472 [org.springframework.kafka.KafkaListenerEndpointContainer#1-0-C-1] INFO  c.l.p.i.InsuranceQuoteRequestMessageConsumer - A new InsuranceQuoteRequestEvent has been received. 
[policy-management-backend] 2022-08-14 09:20:01.641 [org.springframework.kafka.KafkaListenerEndpointContainer#1-0-C-1] INFO  c.l.p.i.InsuranceQuoteRequestMessageConsumer - A new InsuranceQuoteRequestEvent has been received. 
[policy-management-backend] 2022-08-14 09:20:01.806 [org.springframework.kafka.KafkaListenerEndpointContainer#1-0-C-1] INFO  c.l.p.i.InsuranceQuoteRequestMessageConsumer - A new InsuranceQuoteRequestEvent has been received. 
[policy-management-backend] 2022-08-14 09:20:01.972 [org.springframework.kafka.KafkaListenerEndpointContainer#1-0-C-1] INFO  c.l.p.i.InsuranceQuoteRequestMessageConsumer - A new InsuranceQuoteRequestEvent has been received. 
[policy-management-backend] 2022-08-14 09:20:01.976 [org.springframework.kafka.KafkaListenerEndpointContainer#1-0-C-1] INFO  c.l.p.i.InsuranceQuoteRequestMessageConsumer - Processing duplicate insurance quote request with id 30 
[customer-core] 2022-08-14 09:20:02.053 DEBUG 176555 --- [nio-8110-exec-9] o.s.w.f.CommonsRequestLoggingFilter      : Before request [GET /actuator/health, headers=[accept-encoding:"gzip", user-agent:"ReactorNetty/0.9.12.RELEASE", host:"Amrita:8110", accept:"application/vnd.spring-boot.actuator.v2+json, application/vnd.spring-boot.actuator.v1+json, application/json"]]
[customer-core] 2022-08-14 09:20:02.060 DEBUG 176555 --- [nio-8110-exec-9] o.s.w.f.CommonsRequestLoggingFilter      : After request [GET /actuator/health, headers=[accept-encoding:"gzip", user-agent:"ReactorNetty/0.9.12.RELEASE", host:"Amrita:8110", accept:"application/vnd.spring-boot.actuator.v2+json, application/vnd.spring-boot.actuator.v1+json, application/json"]]
[policy-management-backend] 2022-08-14 09:20:02.149 [org.springframework.kafka.KafkaListenerEndpointContainer#1-0-C-1] INFO  c.l.p.i.InsuranceQuoteRequestMessageConsumer - A new InsuranceQuoteRequestEvent has been received. 
[policy-management-backend] 2022-08-14 09:20:02.322 [org.springframework.kafka.KafkaListenerEndpointContainer#1-0-C-1] INFO  c.l.p.i.InsuranceQuoteRequestMessageConsumer - A new InsuranceQuoteRequestEvent has been received. 
[policy-management-backend] 2022-08-14 09:20:02.324 [org.springframework.kafka.KafkaListenerEndpointContainer#1-0-C-1] INFO  c.l.p.i.InsuranceQuoteRequestMessageConsumer - Processing duplicate insurance quote request with id 11 
[policy-management-backend] 2022-08-14 09:20:02.491 [org.springframework.kafka.KafkaListenerEndpointContainer#1-0-C-1] INFO  c.l.p.i.InsuranceQuoteRequestMessageConsumer - A new InsuranceQuoteRequestEvent has been received. 
[policy-management-backend] 2022-08-14 09:20:02.672 [org.springframework.kafka.KafkaListenerEndpointContainer#1-0-C-1] INFO  c.l.p.i.InsuranceQuoteRequestMessageConsumer - A new InsuranceQuoteRequestEvent has been received. 
[policy-management-backend] 2022-08-14 09:20:02.674 [org.springframework.kafka.KafkaListenerEndpointContainer#1-0-C-1] INFO  c.l.p.i.InsuranceQuoteRequestMessageConsumer - Processing duplicate insurance quote request with id 65 
[policy-management-backend] 2022-08-14 09:20:02.841 [org.springframework.kafka.KafkaListenerEndpointContainer#1-0-C-1] INFO  c.l.p.i.InsuranceQuoteRequestMessageConsumer - A new InsuranceQuoteRequestEvent has been received. 
[policy-management-backend] 2022-08-14 09:20:02.843 [org.springframework.kafka.KafkaListenerEndpointContainer#1-0-C-1] INFO  c.l.p.i.InsuranceQuoteRequestMessageConsumer - Processing duplicate insurance quote request with id 32 
[policy-management-backend] 2022-08-14 09:20:03.009 [org.springframework.kafka.KafkaListenerEndpointContainer#1-0-C-1] INFO  c.l.p.i.InsuranceQuoteRequestMessageConsumer - A new InsuranceQuoteRequestEvent has been received. 
[policy-management-backend] 2022-08-14 09:20:03.179 [org.springframework.kafka.KafkaListenerEndpointContainer#1-0-C-1] INFO  c.l.p.i.InsuranceQuoteRequestMessageConsumer - A new InsuranceQuoteRequestEvent has been received. 
[policy-management-backend] 2022-08-14 09:20:03.345 [org.springframework.kafka.KafkaListenerEndpointContainer#1-0-C-1] INFO  c.l.p.i.InsuranceQuoteRequestMessageConsumer - A new InsuranceQuoteRequestEvent has been received. 
[policy-management-backend] 2022-08-14 09:20:03.347 [org.springframework.kafka.KafkaListenerEndpointContainer#1-0-C-1] INFO  c.l.p.i.InsuranceQuoteRequestMessageConsumer - Processing duplicate insurance quote request with id 43 
[policy-management-backend] 2022-08-14 09:20:03.517 [org.springframework.kafka.KafkaListenerEndpointContainer#1-0-C-1] INFO  c.l.p.i.InsuranceQuoteRequestMessageConsumer - A new InsuranceQuoteRequestEvent has been received. 
[policy-management-backend] 2022-08-14 09:20:03.519 [org.springframework.kafka.KafkaListenerEndpointContainer#1-0-C-1] INFO  c.l.p.i.InsuranceQuoteRequestMessageConsumer - Processing duplicate insurance quote request with id 62 
[policy-management-backend] 2022-08-14 09:20:03.682 [org.springframework.kafka.KafkaListenerEndpointContainer#1-0-C-1] INFO  c.l.p.i.InsuranceQuoteRequestMessageConsumer - A new InsuranceQuoteRequestEvent has been received. 
[policy-management-backend] 2022-08-14 09:20:03.684 [org.springframework.kafka.KafkaListenerEndpointContainer#1-0-C-1] INFO  c.l.p.i.InsuranceQuoteRequestMessageConsumer - Processing duplicate insurance quote request with id 22 
[policy-management-backend] 2022-08-14 09:20:03.857 [org.springframework.kafka.KafkaListenerEndpointContainer#1-0-C-1] INFO  c.l.p.i.InsuranceQuoteRequestMessageConsumer - A new InsuranceQuoteRequestEvent has been received. 
[policy-management-backend] 2022-08-14 09:20:03.860 [org.springframework.kafka.KafkaListenerEndpointContainer#1-0-C-1] INFO  c.l.p.i.InsuranceQuoteRequestMessageConsumer - Processing duplicate insurance quote request with id 36 
[policy-management-backend] 2022-08-14 09:20:04.024 [org.springframework.kafka.KafkaListenerEndpointContainer#1-0-C-1] INFO  c.l.p.i.InsuranceQuoteRequestMessageConsumer - A new InsuranceQuoteRequestEvent has been received. 
[policy-management-backend] 2022-08-14 09:20:04.026 [org.springframework.kafka.KafkaListenerEndpointContainer#1-0-C-1] INFO  c.l.p.i.InsuranceQuoteRequestMessageConsumer - Processing duplicate insurance quote request with id 72 
[policy-management-backend] 2022-08-14 09:20:04.189 [org.springframework.kafka.KafkaListenerEndpointContainer#1-0-C-1] INFO  c.l.p.i.InsuranceQuoteRequestMessageConsumer - A new InsuranceQuoteRequestEvent has been received. 
[policy-management-backend] 2022-08-14 09:20:04.191 [org.springframework.kafka.KafkaListenerEndpointContainer#1-0-C-1] INFO  c.l.p.i.InsuranceQuoteRequestMessageConsumer - Processing duplicate insurance quote request with id 58 
[policy-management-backend] 2022-08-14 09:20:04.356 [org.springframework.kafka.KafkaListenerEndpointContainer#1-0-C-1] INFO  c.l.p.i.InsuranceQuoteRequestMessageConsumer - A new InsuranceQuoteRequestEvent has been received. 
[policy-management-backend] 2022-08-14 09:20:04.359 [org.springframework.kafka.KafkaListenerEndpointContainer#1-0-C-1] INFO  c.l.p.i.InsuranceQuoteRequestMessageConsumer - Processing duplicate insurance quote request with id 37 
[policy-management-backend] 2022-08-14 09:20:04.521 [org.springframework.kafka.KafkaListenerEndpointContainer#1-0-C-1] INFO  c.l.p.i.InsuranceQuoteRequestMessageConsumer - A new InsuranceQuoteRequestEvent has been received. 
[policy-management-backend] 2022-08-14 09:20:04.524 [org.springframework.kafka.KafkaListenerEndpointContainer#1-0-C-1] INFO  c.l.p.i.InsuranceQuoteRequestMessageConsumer - Processing duplicate insurance quote request with id 42 
[policy-management-backend] 2022-08-14 09:20:04.689 [org.springframework.kafka.KafkaListenerEndpointContainer#1-0-C-1] INFO  c.l.p.i.InsuranceQuoteRequestMessageConsumer - A new InsuranceQuoteRequestEvent has been received. 
[policy-management-backend] 2022-08-14 09:20:04.691 [org.springframework.kafka.KafkaListenerEndpointContainer#1-0-C-1] INFO  c.l.p.i.InsuranceQuoteRequestMessageConsumer - Processing duplicate insurance quote request with id 24 
[policy-management-backend] 2022-08-14 09:20:04.859 [org.springframework.kafka.KafkaListenerEndpointContainer#1-0-C-1] INFO  c.l.p.i.InsuranceQuoteRequestMessageConsumer - A new InsuranceQuoteRequestEvent has been received. 
[policy-management-backend] 2022-08-14 09:20:04.860 [org.springframework.kafka.KafkaListenerEndpointContainer#1-0-C-1] INFO  c.l.p.i.InsuranceQuoteRequestMessageConsumer - Processing duplicate insurance quote request with id 24 
[policy-management-backend] 2022-08-14 09:20:05.024 [org.springframework.kafka.KafkaListenerEndpointContainer#1-0-C-1] INFO  c.l.p.i.InsuranceQuoteRequestMessageConsumer - A new InsuranceQuoteRequestEvent has been received. 
[policy-management-backend] 2022-08-14 09:20:05.195 [org.springframework.kafka.KafkaListenerEndpointContainer#1-0-C-1] INFO  c.l.p.i.InsuranceQuoteRequestMessageConsumer - A new InsuranceQuoteRequestEvent has been received. 
[policy-management-backend] 2022-08-14 09:20:05.362 [org.springframework.kafka.KafkaListenerEndpointContainer#1-0-C-1] INFO  c.l.p.i.InsuranceQuoteRequestMessageConsumer - A new InsuranceQuoteRequestEvent has been received. 
[policy-management-backend] 2022-08-14 09:20:05.528 [org.springframework.kafka.KafkaListenerEndpointContainer#1-0-C-1] INFO  c.l.p.i.InsuranceQuoteRequestMessageConsumer - A new InsuranceQuoteRequestEvent has been received. 
[policy-management-backend] 2022-08-14 09:20:05.529 [org.springframework.kafka.KafkaListenerEndpointContainer#1-0-C-1] INFO  c.l.p.i.InsuranceQuoteRequestMessageConsumer - Processing duplicate insurance quote request with id 37 
[policy-management-backend] 2022-08-14 09:20:05.697 [org.springframework.kafka.KafkaListenerEndpointContainer#1-0-C-1] INFO  c.l.p.i.InsuranceQuoteRequestMessageConsumer - A new InsuranceQuoteRequestEvent has been received. 
[policy-management-backend] 2022-08-14 09:20:05.700 [org.springframework.kafka.KafkaListenerEndpointContainer#1-0-C-1] INFO  c.l.p.i.InsuranceQuoteRequestMessageConsumer - Processing duplicate insurance quote request with id 15 
[policy-management-backend] 2022-08-14 09:20:05.865 [org.springframework.kafka.KafkaListenerEndpointContainer#1-0-C-1] INFO  c.l.p.i.InsuranceQuoteRequestMessageConsumer - A new InsuranceQuoteRequestEvent has been received. 
[policy-management-backend] 2022-08-14 09:20:05.868 [org.springframework.kafka.KafkaListenerEndpointContainer#1-0-C-1] INFO  c.l.p.i.InsuranceQuoteRequestMessageConsumer - Processing duplicate insurance quote request with id 41 
[policy-management-backend] 2022-08-14 09:20:06.034 [org.springframework.kafka.KafkaListenerEndpointContainer#1-0-C-1] INFO  c.l.p.i.InsuranceQuoteRequestMessageConsumer - A new InsuranceQuoteRequestEvent has been received. 
[policy-management-backend] 2022-08-14 09:20:06.035 [org.springframework.kafka.KafkaListenerEndpointContainer#1-0-C-1] INFO  c.l.p.i.InsuranceQuoteRequestMessageConsumer - Processing duplicate insurance quote request with id 89 
[policy-management-backend] 2022-08-14 09:20:06.202 [org.springframework.kafka.KafkaListenerEndpointContainer#1-0-C-1] INFO  c.l.p.i.InsuranceQuoteRequestMessageConsumer - A new InsuranceQuoteRequestEvent has been received. 
[policy-management-backend] 2022-08-14 09:20:06.204 [org.springframework.kafka.KafkaListenerEndpointContainer#1-0-C-1] INFO  c.l.p.i.InsuranceQuoteRequestMessageConsumer - Processing duplicate insurance quote request with id 66 
[policy-management-backend] 2022-08-14 09:20:06.371 [org.springframework.kafka.KafkaListenerEndpointContainer#1-0-C-1] INFO  c.l.p.i.InsuranceQuoteRequestMessageConsumer - A new InsuranceQuoteRequestEvent has been received. 
[policy-management-backend] 2022-08-14 09:20:06.374 [org.springframework.kafka.KafkaListenerEndpointContainer#1-0-C-1] INFO  c.l.p.i.InsuranceQuoteRequestMessageConsumer - Processing duplicate insurance quote request with id 77 
[policy-management-backend] 2022-08-14 09:20:06.536 [org.springframework.kafka.KafkaListenerEndpointContainer#1-0-C-1] INFO  c.l.p.i.InsuranceQuoteRequestMessageConsumer - A new InsuranceQuoteRequestEvent has been received. 
[policy-management-backend] 2022-08-14 09:20:06.538 [org.springframework.kafka.KafkaListenerEndpointContainer#1-0-C-1] INFO  c.l.p.i.InsuranceQuoteRequestMessageConsumer - Processing duplicate insurance quote request with id 35 
[policy-management-backend] 2022-08-14 09:20:06.706 [org.springframework.kafka.KafkaListenerEndpointContainer#1-0-C-1] INFO  c.l.p.i.InsuranceQuoteRequestMessageConsumer - A new InsuranceQuoteRequestEvent has been received. 
[policy-management-backend] 2022-08-14 09:20:06.708 [org.springframework.kafka.KafkaListenerEndpointContainer#1-0-C-1] INFO  c.l.p.i.InsuranceQuoteRequestMessageConsumer - Processing duplicate insurance quote request with id 32 
[policy-management-backend] 2022-08-14 09:20:06.873 [org.springframework.kafka.KafkaListenerEndpointContainer#1-0-C-1] INFO  c.l.p.i.InsuranceQuoteRequestMessageConsumer - A new InsuranceQuoteRequestEvent has been received. 
[policy-management-backend] 2022-08-14 09:20:06.875 [org.springframework.kafka.KafkaListenerEndpointContainer#1-0-C-1] INFO  c.l.p.i.InsuranceQuoteRequestMessageConsumer - Processing duplicate insurance quote request with id 41 
[policy-management-backend] 2022-08-14 09:20:07.042 [org.springframework.kafka.KafkaListenerEndpointContainer#1-0-C-1] INFO  c.l.p.i.InsuranceQuoteRequestMessageConsumer - A new InsuranceQuoteRequestEvent has been received. 
[policy-management-backend] 2022-08-14 09:20:07.046 [org.springframework.kafka.KafkaListenerEndpointContainer#1-0-C-1] INFO  c.l.p.i.InsuranceQuoteRequestMessageConsumer - Processing duplicate insurance quote request with id 79 
[policy-management-backend] 2022-08-14 09:20:07.209 [org.springframework.kafka.KafkaListenerEndpointContainer#1-0-C-1] INFO  c.l.p.i.InsuranceQuoteRequestMessageConsumer - A new InsuranceQuoteRequestEvent has been received. 
[policy-management-backend] 2022-08-14 09:20:07.379 [org.springframework.kafka.KafkaListenerEndpointContainer#1-0-C-1] INFO  c.l.p.i.InsuranceQuoteRequestMessageConsumer - A new InsuranceQuoteRequestEvent has been received. 
[policy-management-backend] 2022-08-14 09:20:07.549 [org.springframework.kafka.KafkaListenerEndpointContainer#1-0-C-1] INFO  c.l.p.i.InsuranceQuoteRequestMessageConsumer - A new InsuranceQuoteRequestEvent has been received. 
[policy-management-backend] 2022-08-14 09:20:07.551 [org.springframework.kafka.KafkaListenerEndpointContainer#1-0-C-1] INFO  c.l.p.i.InsuranceQuoteRequestMessageConsumer - Processing duplicate insurance quote request with id 23 
[policy-management-backend] 2022-08-14 09:20:07.723 [org.springframework.kafka.KafkaListenerEndpointContainer#1-0-C-1] INFO  c.l.p.i.InsuranceQuoteRequestMessageConsumer - A new InsuranceQuoteRequestEvent has been received. 
[policy-management-backend] 2022-08-14 09:20:07.725 [org.springframework.kafka.KafkaListenerEndpointContainer#1-0-C-1] INFO  c.l.p.i.InsuranceQuoteRequestMessageConsumer - Processing duplicate insurance quote request with id 95 
[policy-management-backend] 2022-08-14 09:20:07.888 [org.springframework.kafka.KafkaListenerEndpointContainer#1-0-C-1] INFO  c.l.p.i.InsuranceQuoteRequestMessageConsumer - A new InsuranceQuoteRequestEvent has been received. 
[policy-management-backend] 2022-08-14 09:20:07.889 [org.springframework.kafka.KafkaListenerEndpointContainer#1-0-C-1] INFO  c.l.p.i.InsuranceQuoteRequestMessageConsumer - Processing duplicate insurance quote request with id 31 
[policy-management-backend] 2022-08-14 09:20:08.060 [org.springframework.kafka.KafkaListenerEndpointContainer#1-0-C-1] INFO  c.l.p.i.InsuranceQuoteRequestMessageConsumer - A new InsuranceQuoteRequestEvent has been received. 
[policy-management-backend] 2022-08-14 09:20:08.062 [org.springframework.kafka.KafkaListenerEndpointContainer#1-0-C-1] INFO  c.l.p.i.InsuranceQuoteRequestMessageConsumer - Processing duplicate insurance quote request with id 30 
[policy-management-backend] 2022-08-14 09:20:08.238 [org.springframework.kafka.KafkaListenerEndpointContainer#1-0-C-1] INFO  c.l.p.i.InsuranceQuoteRequestMessageConsumer - A new InsuranceQuoteRequestEvent has been received. 
[policy-management-backend] 2022-08-14 09:20:08.240 [org.springframework.kafka.KafkaListenerEndpointContainer#1-0-C-1] INFO  c.l.p.i.InsuranceQuoteRequestMessageConsumer - Processing duplicate insurance quote request with id 72 
[policy-management-backend] 2022-08-14 09:20:08.406 [org.springframework.kafka.KafkaListenerEndpointContainer#1-0-C-1] INFO  c.l.p.i.InsuranceQuoteRequestMessageConsumer - A new InsuranceQuoteRequestEvent has been received. 
[policy-management-backend] 2022-08-14 09:20:08.408 [org.springframework.kafka.KafkaListenerEndpointContainer#1-0-C-1] INFO  c.l.p.i.InsuranceQuoteRequestMessageConsumer - Processing duplicate insurance quote request with id 58 
[policy-management-backend] 2022-08-14 09:20:08.573 [org.springframework.kafka.KafkaListenerEndpointContainer#1-0-C-1] INFO  c.l.p.i.InsuranceQuoteRequestMessageConsumer - A new InsuranceQuoteRequestEvent has been received. 
[policy-management-backend] 2022-08-14 09:20:08.574 [org.springframework.kafka.KafkaListenerEndpointContainer#1-0-C-1] INFO  c.l.p.i.InsuranceQuoteRequestMessageConsumer - Processing duplicate insurance quote request with id 82 
[policy-management-backend] 2022-08-14 09:20:08.756 [org.springframework.kafka.KafkaListenerEndpointContainer#1-0-C-1] INFO  c.l.p.i.InsuranceQuoteRequestMessageConsumer - A new InsuranceQuoteRequestEvent has been received. 
[policy-management-backend] 2022-08-14 09:20:08.758 [org.springframework.kafka.KafkaListenerEndpointContainer#1-0-C-1] INFO  c.l.p.i.InsuranceQuoteRequestMessageConsumer - Processing duplicate insurance quote request with id 79 
[policy-management-backend] 2022-08-14 09:20:08.912 [org.springframework.kafka.KafkaListenerEndpointContainer#1-0-C-1] INFO  c.l.p.i.InsuranceQuoteRequestMessageConsumer - A new InsuranceQuoteRequestEvent has been received. 
[policy-management-backend] 2022-08-14 09:20:08.914 [org.springframework.kafka.KafkaListenerEndpointContainer#1-0-C-1] INFO  c.l.p.i.InsuranceQuoteRequestMessageConsumer - Processing duplicate insurance quote request with id 46 
[policy-management-backend] 2022-08-14 09:20:09.078 [org.springframework.kafka.KafkaListenerEndpointContainer#1-0-C-1] INFO  c.l.p.i.InsuranceQuoteRequestMessageConsumer - A new InsuranceQuoteRequestEvent has been received. 
[policy-management-backend] 2022-08-14 09:20:09.080 [org.springframework.kafka.KafkaListenerEndpointContainer#1-0-C-1] INFO  c.l.p.i.InsuranceQuoteRequestMessageConsumer - Processing duplicate insurance quote request with id 96 
[policy-management-backend] 2022-08-14 09:20:09.249 [org.springframework.kafka.KafkaListenerEndpointContainer#1-0-C-1] INFO  c.l.p.i.InsuranceQuoteRequestMessageConsumer - A new InsuranceQuoteRequestEvent has been received. 
[policy-management-backend] 2022-08-14 09:20:09.250 [org.springframework.kafka.KafkaListenerEndpointContainer#1-0-C-1] INFO  c.l.p.i.InsuranceQuoteRequestMessageConsumer - Processing duplicate insurance quote request with id 44 
[policy-management-backend] 2022-08-14 09:20:09.416 [org.springframework.kafka.KafkaListenerEndpointContainer#1-0-C-1] INFO  c.l.p.i.InsuranceQuoteRequestMessageConsumer - A new InsuranceQuoteRequestEvent has been received. 
[policy-management-backend] 2022-08-14 09:20:09.418 [org.springframework.kafka.KafkaListenerEndpointContainer#1-0-C-1] INFO  c.l.p.i.InsuranceQuoteRequestMessageConsumer - Processing duplicate insurance quote request with id 94 
[policy-management-backend] 2022-08-14 09:20:09.581 [org.springframework.kafka.KafkaListenerEndpointContainer#1-0-C-1] INFO  c.l.p.i.InsuranceQuoteRequestMessageConsumer - A new InsuranceQuoteRequestEvent has been received. 
[policy-management-backend] 2022-08-14 09:20:09.748 [org.springframework.kafka.KafkaListenerEndpointContainer#1-0-C-1] INFO  c.l.p.i.InsuranceQuoteRequestMessageConsumer - A new InsuranceQuoteRequestEvent has been received. 
[policy-management-backend] 2022-08-14 09:20:09.749 [org.springframework.kafka.KafkaListenerEndpointContainer#1-0-C-1] INFO  c.l.p.i.InsuranceQuoteRequestMessageConsumer - Processing duplicate insurance quote request with id 27 
[policy-management-backend] 2022-08-14 09:20:09.913 [org.springframework.kafka.KafkaListenerEndpointContainer#1-0-C-1] INFO  c.l.p.i.InsuranceQuoteRequestMessageConsumer - A new InsuranceQuoteRequestEvent has been received. 
[policy-management-backend] 2022-08-14 09:20:09.915 [org.springframework.kafka.KafkaListenerEndpointContainer#1-0-C-1] INFO  c.l.p.i.InsuranceQuoteRequestMessageConsumer - Processing duplicate insurance quote request with id 61 
[policy-management-backend] 2022-08-14 09:20:10.085 [org.springframework.kafka.KafkaListenerEndpointContainer#1-0-C-1] INFO  c.l.p.i.InsuranceQuoteRequestMessageConsumer - A new InsuranceQuoteRequestEvent has been received. 
[policy-management-backend] 2022-08-14 09:20:10.086 [org.springframework.kafka.KafkaListenerEndpointContainer#1-0-C-1] INFO  c.l.p.i.InsuranceQuoteRequestMessageConsumer - Processing duplicate insurance quote request with id 90 
[policy-management-backend] 2022-08-14 09:20:10.250 [org.springframework.kafka.KafkaListenerEndpointContainer#1-0-C-1] INFO  c.l.p.i.InsuranceQuoteRequestMessageConsumer - A new InsuranceQuoteRequestEvent has been received. 
[policy-management-backend] 2022-08-14 09:20:10.252 [org.springframework.kafka.KafkaListenerEndpointContainer#1-0-C-1] INFO  c.l.p.i.InsuranceQuoteRequestMessageConsumer - Processing duplicate insurance quote request with id 35 
[policy-management-backend] 2022-08-14 09:20:10.419 [org.springframework.kafka.KafkaListenerEndpointContainer#1-0-C-1] INFO  c.l.p.i.InsuranceQuoteRequestMessageConsumer - A new InsuranceQuoteRequestEvent has been received. 
[policy-management-backend] 2022-08-14 09:20:10.421 [org.springframework.kafka.KafkaListenerEndpointContainer#1-0-C-1] INFO  c.l.p.i.InsuranceQuoteRequestMessageConsumer - Processing duplicate insurance quote request with id 71 
[policy-management-backend] 2022-08-14 09:20:10.620 [org.springframework.kafka.KafkaListenerEndpointContainer#1-0-C-1] INFO  c.l.p.i.InsuranceQuoteRequestMessageConsumer - A new InsuranceQuoteRequestEvent has been received. 
[policy-management-backend] 2022-08-14 09:20:10.621 [org.springframework.kafka.KafkaListenerEndpointContainer#1-0-C-1] INFO  c.l.p.i.InsuranceQuoteRequestMessageConsumer - Processing duplicate insurance quote request with id 71 
[policy-management-backend] 2022-08-14 09:20:10.797 [org.springframework.kafka.KafkaListenerEndpointContainer#1-0-C-1] INFO  c.l.p.i.InsuranceQuoteRequestMessageConsumer - A new InsuranceQuoteRequestEvent has been received. 
[policy-management-backend] 2022-08-14 09:20:10.798 [org.springframework.kafka.KafkaListenerEndpointContainer#1-0-C-1] INFO  c.l.p.i.InsuranceQuoteRequestMessageConsumer - Processing duplicate insurance quote request with id 79 
[policy-management-backend] 2022-08-14 09:20:10.952 [org.springframework.kafka.KafkaListenerEndpointContainer#1-0-C-1] INFO  c.l.p.i.InsuranceQuoteRequestMessageConsumer - A new InsuranceQuoteRequestEvent has been received. 
[policy-management-backend] 2022-08-14 09:20:11.124 [org.springframework.kafka.KafkaListenerEndpointContainer#1-0-C-1] INFO  c.l.p.i.InsuranceQuoteRequestMessageConsumer - A new InsuranceQuoteRequestEvent has been received. 
[policy-management-backend] 2022-08-14 09:20:11.126 [org.springframework.kafka.KafkaListenerEndpointContainer#1-0-C-1] INFO  c.l.p.i.InsuranceQuoteRequestMessageConsumer - Processing duplicate insurance quote request with id 41 
[policy-management-backend] 2022-08-14 09:20:11.300 [org.springframework.kafka.KafkaListenerEndpointContainer#1-0-C-1] INFO  c.l.p.i.InsuranceQuoteRequestMessageConsumer - A new InsuranceQuoteRequestEvent has been received. 
[policy-management-backend] 2022-08-14 09:20:11.465 [org.springframework.kafka.KafkaListenerEndpointContainer#1-0-C-1] INFO  c.l.p.i.InsuranceQuoteRequestMessageConsumer - A new InsuranceQuoteRequestEvent has been received. 
[policy-management-backend] 2022-08-14 09:20:11.467 [org.springframework.kafka.KafkaListenerEndpointContainer#1-0-C-1] INFO  c.l.p.i.InsuranceQuoteRequestMessageConsumer - Processing duplicate insurance quote request with id 79 
[policy-management-backend] 2022-08-14 09:20:11.632 [org.springframework.kafka.KafkaListenerEndpointContainer#1-0-C-1] INFO  c.l.p.i.InsuranceQuoteRequestMessageConsumer - A new InsuranceQuoteRequestEvent has been received. 
[policy-management-backend] 2022-08-14 09:20:11.634 [org.springframework.kafka.KafkaListenerEndpointContainer#1-0-C-1] INFO  c.l.p.i.InsuranceQuoteRequestMessageConsumer - Processing duplicate insurance quote request with id 22 
[policy-management-backend] 2022-08-14 09:20:11.801 [org.springframework.kafka.KafkaListenerEndpointContainer#1-0-C-1] INFO  c.l.p.i.InsuranceQuoteRequestMessageConsumer - A new InsuranceQuoteRequestEvent has been received. 
[policy-management-backend] 2022-08-14 09:20:11.803 [org.springframework.kafka.KafkaListenerEndpointContainer#1-0-C-1] INFO  c.l.p.i.InsuranceQuoteRequestMessageConsumer - Processing duplicate insurance quote request with id 87 
[policy-management-backend] 2022-08-14 09:20:11.972 [org.springframework.kafka.KafkaListenerEndpointContainer#1-0-C-1] INFO  c.l.p.i.InsuranceQuoteRequestMessageConsumer - A new InsuranceQuoteRequestEvent has been received. 
[policy-management-backend] 2022-08-14 09:20:11.973 [org.springframework.kafka.KafkaListenerEndpointContainer#1-0-C-1] INFO  c.l.p.i.InsuranceQuoteRequestMessageConsumer - Processing duplicate insurance quote request with id 79 
[policy-management-backend] 2022-08-14 09:20:12.198 [org.springframework.kafka.KafkaListenerEndpointContainer#1-0-C-1] INFO  c.l.p.i.InsuranceQuoteRequestMessageConsumer - A new InsuranceQuoteRequestEvent has been received. 
[policy-management-backend] 2022-08-14 09:20:12.200 [org.springframework.kafka.KafkaListenerEndpointContainer#1-0-C-1] INFO  c.l.p.i.InsuranceQuoteRequestMessageConsumer - Processing duplicate insurance quote request with id 77 
[policy-management-backend] 2022-08-14 09:20:12.365 [org.springframework.kafka.KafkaListenerEndpointContainer#1-0-C-1] INFO  c.l.p.i.InsuranceQuoteRequestMessageConsumer - A new InsuranceQuoteRequestEvent has been received. 
[policy-management-backend] 2022-08-14 09:20:12.367 [org.springframework.kafka.KafkaListenerEndpointContainer#1-0-C-1] INFO  c.l.p.i.InsuranceQuoteRequestMessageConsumer - Processing duplicate insurance quote request with id 21 
[policy-management-backend] 2022-08-14 09:20:12.530 [org.springframework.kafka.KafkaListenerEndpointContainer#1-0-C-1] INFO  c.l.p.i.InsuranceQuoteRequestMessageConsumer - A new InsuranceQuoteRequestEvent has been received. 
[policy-management-backend] 2022-08-14 09:20:12.698 [org.springframework.kafka.KafkaListenerEndpointContainer#1-0-C-1] INFO  c.l.p.i.InsuranceQuoteRequestMessageConsumer - A new InsuranceQuoteRequestEvent has been received. 
[policy-management-backend] 2022-08-14 09:20:12.700 [org.springframework.kafka.KafkaListenerEndpointContainer#1-0-C-1] INFO  c.l.p.i.InsuranceQuoteRequestMessageConsumer - Processing duplicate insurance quote request with id 34 
[policy-management-backend] 2022-08-14 09:20:12.865 [org.springframework.kafka.KafkaListenerEndpointContainer#1-0-C-1] INFO  c.l.p.i.InsuranceQuoteRequestMessageConsumer - A new InsuranceQuoteRequestEvent has been received. 
[policy-management-backend] 2022-08-14 09:20:12.867 [org.springframework.kafka.KafkaListenerEndpointContainer#1-0-C-1] INFO  c.l.p.i.InsuranceQuoteRequestMessageConsumer - Processing duplicate insurance quote request with id 80 
[policy-management-backend] 2022-08-14 09:20:13.033 [org.springframework.kafka.KafkaListenerEndpointContainer#1-0-C-1] INFO  c.l.p.i.InsuranceQuoteRequestMessageConsumer - A new InsuranceQuoteRequestEvent has been received. 
[policy-management-backend] 2022-08-14 09:20:13.034 [org.springframework.kafka.KafkaListenerEndpointContainer#1-0-C-1] INFO  c.l.p.i.InsuranceQuoteRequestMessageConsumer - Processing duplicate insurance quote request with id 71 
[policy-management-backend] 2022-08-14 09:20:13.228 [org.springframework.kafka.KafkaListenerEndpointContainer#1-0-C-1] INFO  c.l.p.i.InsuranceQuoteRequestMessageConsumer - A new InsuranceQuoteRequestEvent has been received. 
[policy-management-backend] 2022-08-14 09:20:13.230 [org.springframework.kafka.KafkaListenerEndpointContainer#1-0-C-1] INFO  c.l.p.i.InsuranceQuoteRequestMessageConsumer - Processing duplicate insurance quote request with id 41 
[policy-management-backend] 2022-08-14 09:20:13.396 [org.springframework.kafka.KafkaListenerEndpointContainer#1-0-C-1] INFO  c.l.p.i.InsuranceQuoteRequestMessageConsumer - A new InsuranceQuoteRequestEvent has been received. 
[policy-management-backend] 2022-08-14 09:20:13.399 [org.springframework.kafka.KafkaListenerEndpointContainer#1-0-C-1] INFO  c.l.p.i.InsuranceQuoteRequestMessageConsumer - Processing duplicate insurance quote request with id 35 
[policy-management-backend] 2022-08-14 09:20:13.565 [org.springframework.kafka.KafkaListenerEndpointContainer#1-0-C-1] INFO  c.l.p.i.InsuranceQuoteRequestMessageConsumer - A new InsuranceQuoteRequestEvent has been received. 
[policy-management-backend] 2022-08-14 09:20:13.567 [org.springframework.kafka.KafkaListenerEndpointContainer#1-0-C-1] INFO  c.l.p.i.InsuranceQuoteRequestMessageConsumer - Processing duplicate insurance quote request with id 54 
[policy-management-backend] 2022-08-14 09:20:13.734 [org.springframework.kafka.KafkaListenerEndpointContainer#1-0-C-1] INFO  c.l.p.i.InsuranceQuoteRequestMessageConsumer - A new InsuranceQuoteRequestEvent has been received. 
[policy-management-backend] 2022-08-14 09:20:13.900 [org.springframework.kafka.KafkaListenerEndpointContainer#1-0-C-1] INFO  c.l.p.i.InsuranceQuoteRequestMessageConsumer - A new InsuranceQuoteRequestEvent has been received. 
[policy-management-backend] 2022-08-14 09:20:13.902 [org.springframework.kafka.KafkaListenerEndpointContainer#1-0-C-1] INFO  c.l.p.i.InsuranceQuoteRequestMessageConsumer - Processing duplicate insurance quote request with id 5 
[policy-management-backend] 2022-08-14 09:20:14.070 [org.springframework.kafka.KafkaListenerEndpointContainer#1-0-C-1] INFO  c.l.p.i.InsuranceQuoteRequestMessageConsumer - A new InsuranceQuoteRequestEvent has been received. 
[policy-management-backend] 2022-08-14 09:20:14.071 [org.springframework.kafka.KafkaListenerEndpointContainer#1-0-C-1] INFO  c.l.p.i.InsuranceQuoteRequestMessageConsumer - Processing duplicate insurance quote request with id 27 
[policy-management-backend] 2022-08-14 09:20:14.245 [org.springframework.kafka.KafkaListenerEndpointContainer#1-0-C-1] INFO  c.l.p.i.InsuranceQuoteRequestMessageConsumer - A new InsuranceQuoteRequestEvent has been received. 
[policy-management-backend] 2022-08-14 09:20:14.422 [org.springframework.kafka.KafkaListenerEndpointContainer#1-0-C-1] INFO  c.l.p.i.InsuranceQuoteRequestMessageConsumer - A new InsuranceQuoteRequestEvent has been received. 
[policy-management-backend] 2022-08-14 09:20:14.424 [org.springframework.kafka.KafkaListenerEndpointContainer#1-0-C-1] INFO  c.l.p.i.InsuranceQuoteRequestMessageConsumer - Processing duplicate insurance quote request with id 71 
[policy-management-backend] 2022-08-14 09:20:14.589 [org.springframework.kafka.KafkaListenerEndpointContainer#1-0-C-1] INFO  c.l.p.i.InsuranceQuoteRequestMessageConsumer - A new InsuranceQuoteRequestEvent has been received. 
[policy-management-backend] 2022-08-14 09:20:14.590 [org.springframework.kafka.KafkaListenerEndpointContainer#1-0-C-1] INFO  c.l.p.i.InsuranceQuoteRequestMessageConsumer - Processing duplicate insurance quote request with id 50 
[policy-management-backend] 2022-08-14 09:20:14.756 [org.springframework.kafka.KafkaListenerEndpointContainer#1-0-C-1] INFO  c.l.p.i.InsuranceQuoteRequestMessageConsumer - A new InsuranceQuoteRequestEvent has been received. 
[policy-management-backend] 2022-08-14 09:20:14.758 [org.springframework.kafka.KafkaListenerEndpointContainer#1-0-C-1] INFO  c.l.p.i.InsuranceQuoteRequestMessageConsumer - Processing duplicate insurance quote request with id 73 
[policy-management-backend] 2022-08-14 09:20:14.929 [org.springframework.kafka.KafkaListenerEndpointContainer#1-0-C-1] INFO  c.l.p.i.InsuranceQuoteRequestMessageConsumer - A new InsuranceQuoteRequestEvent has been received. 
[policy-management-backend] 2022-08-14 09:20:15.096 [org.springframework.kafka.KafkaListenerEndpointContainer#1-0-C-1] INFO  c.l.p.i.InsuranceQuoteRequestMessageConsumer - A new InsuranceQuoteRequestEvent has been received. 
[policy-management-backend] 2022-08-14 09:20:15.098 [org.springframework.kafka.KafkaListenerEndpointContainer#1-0-C-1] INFO  c.l.p.i.InsuranceQuoteRequestMessageConsumer - Processing duplicate insurance quote request with id 72 
[policy-management-backend] 2022-08-14 09:20:15.263 [org.springframework.kafka.KafkaListenerEndpointContainer#1-0-C-1] INFO  c.l.p.i.InsuranceQuoteRequestMessageConsumer - A new InsuranceQuoteRequestEvent has been received. 
[policy-management-backend] 2022-08-14 09:20:15.266 [org.springframework.kafka.KafkaListenerEndpointContainer#1-0-C-1] INFO  c.l.p.i.InsuranceQuoteRequestMessageConsumer - Processing duplicate insurance quote request with id 53 
[policy-management-backend] 2022-08-14 09:20:15.434 [org.springframework.kafka.KafkaListenerEndpointContainer#1-0-C-1] INFO  c.l.p.i.InsuranceQuoteRequestMessageConsumer - A new InsuranceQuoteRequestEvent has been received. 
[policy-management-backend] 2022-08-14 09:20:15.437 [org.springframework.kafka.KafkaListenerEndpointContainer#1-0-C-1] INFO  c.l.p.i.InsuranceQuoteRequestMessageConsumer - Processing duplicate insurance quote request with id 40 
[policy-management-backend] 2022-08-14 09:20:15.604 [org.springframework.kafka.KafkaListenerEndpointContainer#1-0-C-1] INFO  c.l.p.i.InsuranceQuoteRequestMessageConsumer - A new InsuranceQuoteRequestEvent has been received. 
[policy-management-backend] 2022-08-14 09:20:15.605 [org.springframework.kafka.KafkaListenerEndpointContainer#1-0-C-1] INFO  c.l.p.i.InsuranceQuoteRequestMessageConsumer - Processing duplicate insurance quote request with id 92 
[policy-management-backend] 2022-08-14 09:20:15.772 [org.springframework.kafka.KafkaListenerEndpointContainer#1-0-C-1] INFO  c.l.p.i.InsuranceQuoteRequestMessageConsumer - A new InsuranceQuoteRequestEvent has been received. 
[policy-management-backend] 2022-08-14 09:20:15.774 [org.springframework.kafka.KafkaListenerEndpointContainer#1-0-C-1] INFO  c.l.p.i.InsuranceQuoteRequestMessageConsumer - Processing duplicate insurance quote request with id 71 
[policy-management-backend] 2022-08-14 09:20:15.938 [org.springframework.kafka.KafkaListenerEndpointContainer#1-0-C-1] INFO  c.l.p.i.InsuranceQuoteRequestMessageConsumer - A new InsuranceQuoteRequestEvent has been received. 
[policy-management-backend] 2022-08-14 09:20:15.941 [org.springframework.kafka.KafkaListenerEndpointContainer#1-0-C-1] INFO  c.l.p.i.InsuranceQuoteRequestMessageConsumer - Processing duplicate insurance quote request with id 15 
[policy-management-backend] 2022-08-14 09:20:16.114 [org.springframework.kafka.KafkaListenerEndpointContainer#1-0-C-1] INFO  c.l.p.i.InsuranceQuoteRequestMessageConsumer - A new InsuranceQuoteRequestEvent has been received. 
[policy-management-backend] 2022-08-14 09:20:16.281 [org.springframework.kafka.KafkaListenerEndpointContainer#1-0-C-1] INFO  c.l.p.i.InsuranceQuoteRequestMessageConsumer - A new InsuranceQuoteRequestEvent has been received. 
[policy-management-backend] 2022-08-14 09:20:16.283 [org.springframework.kafka.KafkaListenerEndpointContainer#1-0-C-1] INFO  c.l.p.i.InsuranceQuoteRequestMessageConsumer - Processing duplicate insurance quote request with id 34 
[policy-management-backend] 2022-08-14 09:20:16.506 [org.springframework.kafka.KafkaListenerEndpointContainer#1-0-C-1] INFO  c.l.p.i.InsuranceQuoteRequestMessageConsumer - A new InsuranceQuoteRequestEvent has been received. 
[policy-management-backend] 2022-08-14 09:20:16.507 [org.springframework.kafka.KafkaListenerEndpointContainer#1-0-C-1] INFO  c.l.p.i.InsuranceQuoteRequestMessageConsumer - Processing duplicate insurance quote request with id 20 
[policy-management-backend] 2022-08-14 09:20:16.680 [org.springframework.kafka.KafkaListenerEndpointContainer#1-0-C-1] INFO  c.l.p.i.InsuranceQuoteRequestMessageConsumer - A new InsuranceQuoteRequestEvent has been received. 
[policy-management-backend] 2022-08-14 09:20:16.845 [org.springframework.kafka.KafkaListenerEndpointContainer#1-0-C-1] INFO  c.l.p.i.InsuranceQuoteRequestMessageConsumer - A new InsuranceQuoteRequestEvent has been received. 
[policy-management-backend] 2022-08-14 09:20:16.847 [org.springframework.kafka.KafkaListenerEndpointContainer#1-0-C-1] INFO  c.l.p.i.InsuranceQuoteRequestMessageConsumer - Processing duplicate insurance quote request with id 13 
[policy-management-backend] 2022-08-14 09:20:17.021 [org.springframework.kafka.KafkaListenerEndpointContainer#1-0-C-1] INFO  c.l.p.i.InsuranceQuoteRequestMessageConsumer - A new InsuranceQuoteRequestEvent has been received. 
[policy-management-backend] 2022-08-14 09:20:17.024 [org.springframework.kafka.KafkaListenerEndpointContainer#1-0-C-1] INFO  c.l.p.i.InsuranceQuoteRequestMessageConsumer - Processing duplicate insurance quote request with id 25 
[policy-management-backend] 2022-08-14 09:20:17.199 [org.springframework.kafka.KafkaListenerEndpointContainer#1-0-C-1] INFO  c.l.p.i.InsuranceQuoteRequestMessageConsumer - A new InsuranceQuoteRequestEvent has been received. 
[policy-management-backend] 2022-08-14 09:20:17.202 [org.springframework.kafka.KafkaListenerEndpointContainer#1-0-C-1] INFO  c.l.p.i.InsuranceQuoteRequestMessageConsumer - Processing duplicate insurance quote request with id 44 
[policy-management-backend] 2022-08-14 09:20:17.372 [org.springframework.kafka.KafkaListenerEndpointContainer#1-0-C-1] INFO  c.l.p.i.InsuranceQuoteRequestMessageConsumer - A new InsuranceQuoteRequestEvent has been received. 
[policy-management-backend] 2022-08-14 09:20:17.374 [org.springframework.kafka.KafkaListenerEndpointContainer#1-0-C-1] INFO  c.l.p.i.InsuranceQuoteRequestMessageConsumer - Processing duplicate insurance quote request with id 72 
[policy-management-backend] 2022-08-14 09:20:17.545 [org.springframework.kafka.KafkaListenerEndpointContainer#1-0-C-1] INFO  c.l.p.i.InsuranceQuoteRequestMessageConsumer - A new InsuranceQuoteRequestEvent has been received. 
[policy-management-backend] 2022-08-14 09:20:17.547 [org.springframework.kafka.KafkaListenerEndpointContainer#1-0-C-1] INFO  c.l.p.i.InsuranceQuoteRequestMessageConsumer - Processing duplicate insurance quote request with id 31 
[policy-management-backend] 2022-08-14 09:20:17.715 [org.springframework.kafka.KafkaListenerEndpointContainer#1-0-C-1] INFO  c.l.p.i.InsuranceQuoteRequestMessageConsumer - A new InsuranceQuoteRequestEvent has been received. 
[policy-management-backend] 2022-08-14 09:20:17.718 [org.springframework.kafka.KafkaListenerEndpointContainer#1-0-C-1] INFO  c.l.p.i.InsuranceQuoteRequestMessageConsumer - Processing duplicate insurance quote request with id 0 
[policy-management-backend] 2022-08-14 09:20:17.883 [org.springframework.kafka.KafkaListenerEndpointContainer#1-0-C-1] INFO  c.l.p.i.InsuranceQuoteRequestMessageConsumer - A new InsuranceQuoteRequestEvent has been received. 
[policy-management-backend] 2022-08-14 09:20:17.885 [org.springframework.kafka.KafkaListenerEndpointContainer#1-0-C-1] INFO  c.l.p.i.InsuranceQuoteRequestMessageConsumer - Processing duplicate insurance quote request with id 26 
[policy-management-backend] 2022-08-14 09:20:18.053 [org.springframework.kafka.KafkaListenerEndpointContainer#1-0-C-1] INFO  c.l.p.i.InsuranceQuoteRequestMessageConsumer - A new InsuranceQuoteRequestEvent has been received. 
[policy-management-backend] 2022-08-14 09:20:18.055 [org.springframework.kafka.KafkaListenerEndpointContainer#1-0-C-1] INFO  c.l.p.i.InsuranceQuoteRequestMessageConsumer - Processing duplicate insurance quote request with id 11 
[policy-management-backend] 2022-08-14 09:20:18.221 [org.springframework.kafka.KafkaListenerEndpointContainer#1-0-C-1] INFO  c.l.p.i.InsuranceQuoteRequestMessageConsumer - A new InsuranceQuoteRequestEvent has been received. 
[policy-management-backend] 2022-08-14 09:20:18.223 [org.springframework.kafka.KafkaListenerEndpointContainer#1-0-C-1] INFO  c.l.p.i.InsuranceQuoteRequestMessageConsumer - Processing duplicate insurance quote request with id 15 
[policy-management-backend] 2022-08-14 09:20:18.391 [org.springframework.kafka.KafkaListenerEndpointContainer#1-0-C-1] INFO  c.l.p.i.InsuranceQuoteRequestMessageConsumer - A new InsuranceQuoteRequestEvent has been received. 
[policy-management-backend] 2022-08-14 09:20:18.393 [org.springframework.kafka.KafkaListenerEndpointContainer#1-0-C-1] INFO  c.l.p.i.InsuranceQuoteRequestMessageConsumer - Processing duplicate insurance quote request with id 41 
[customer-self-service-backend] 2022-08-14 09:20:20.777  INFO 176640 --- [ntainer#2-0-C-1] c.l.c.i.PolicyCreatedMessageConsumer     : A new PolicyCreatedEvent has been received.
[customer-self-service-backend] 2022-08-14 09:20:20.796 ERROR 176640 --- [ntainer#2-0-C-1] c.l.c.i.PolicyCreatedMessageConsumer     : Unable to process a policy created event with an invalid insurance quote request id.
[customer-core] 2022-08-14 09:20:22.055 DEBUG 176555 --- [io-8110-exec-10] o.s.w.f.CommonsRequestLoggingFilter      : Before request [GET /actuator/health, headers=[accept-encoding:"gzip", user-agent:"ReactorNetty/0.9.12.RELEASE", host:"Amrita:8110", accept:"application/vnd.spring-boot.actuator.v2+json, application/vnd.spring-boot.actuator.v1+json, application/json"]]
[customer-core] 2022-08-14 09:20:22.063 DEBUG 176555 --- [io-8110-exec-10] o.s.w.f.CommonsRequestLoggingFilter      : After request [GET /actuator/health, headers=[accept-encoding:"gzip", user-agent:"ReactorNetty/0.9.12.RELEASE", host:"Amrita:8110", accept:"application/vnd.spring-boot.actuator.v2+json, application/vnd.spring-boot.actuator.v1+json, application/json"]]
[customer-core] 2022-08-14 09:20:35.722 DEBUG 176555 --- [nio-8110-exec-1] o.s.w.f.CommonsRequestLoggingFilter      : Before request [GET /customers/rgpp0wkpec, headers=[accept:"application/json", authorization:"Bearer 999ab497f8ec1052", user-agent:"Java/17.0.4", host:"localhost:8110", connection:"keep-alive"]]
[customer-core] 2022-08-14 09:20:35.977 DEBUG 176555 --- [nio-8110-exec-1] o.s.w.f.CommonsRequestLoggingFilter      : After request [GET /customers/rgpp0wkpec, headers=[accept:"application/json", authorization:"Bearer 999ab497f8ec1052", user-agent:"Java/17.0.4", host:"localhost:8110", connection:"keep-alive"]]
[customer-core] 2022-08-14 09:20:42.057 DEBUG 176555 --- [nio-8110-exec-2] o.s.w.f.CommonsRequestLoggingFilter      : Before request [GET /actuator/health, headers=[accept-encoding:"gzip", user-agent:"ReactorNetty/0.9.12.RELEASE", host:"Amrita:8110", accept:"application/vnd.spring-boot.actuator.v2+json, application/vnd.spring-boot.actuator.v1+json, application/json"]]
[customer-core] 2022-08-14 09:20:42.063 DEBUG 176555 --- [nio-8110-exec-2] o.s.w.f.CommonsRequestLoggingFilter      : After request [GET /actuator/health, headers=[accept-encoding:"gzip", user-agent:"ReactorNetty/0.9.12.RELEASE", host:"Amrita:8110", accept:"application/vnd.spring-boot.actuator.v2+json, application/vnd.spring-boot.actuator.v1+json, application/json"]]
[customer-core] 2022-08-14 09:21:02.061 DEBUG 176555 --- [nio-8110-exec-3] o.s.w.f.CommonsRequestLoggingFilter      : Before request [GET /actuator/health, headers=[accept-encoding:"gzip", user-agent:"ReactorNetty/0.9.12.RELEASE", host:"Amrita:8110", accept:"application/vnd.spring-boot.actuator.v2+json, application/vnd.spring-boot.actuator.v1+json, application/json"]]
[customer-core] 2022-08-14 09:21:02.066 DEBUG 176555 --- [nio-8110-exec-3] o.s.w.f.CommonsRequestLoggingFilter      : After request [GET /actuator/health, headers=[accept-encoding:"gzip", user-agent:"ReactorNetty/0.9.12.RELEASE", host:"Amrita:8110", accept:"application/vnd.spring-boot.actuator.v2+json, application/vnd.spring-boot.actuator.v1+json, application/json"]]
^C[policy-management-backend] 2022-08-14 09:21:04.479 [SpringContextShutdownHook] INFO  org.quartz.core.QuartzScheduler - Scheduler scheduler_$_NON_CLUSTERED paused. 
[policy-management-backend] 2022-08-14 09:21:04.485 [scheduler_Worker-1] WARN  o.h.e.jdbc.spi.SqlExceptionHelper - SQL Error: 90121, SQLState: 90121 
